<?xml version="1.0" encoding="UTF-8"?>
<!-- Generated by org.testng.reporters.JUnitReportReporter -->
<testsuite hostname="DESKTOP-JCSH58D" failures="0" tests="1" name="test.TC001_ValidLoginTest" time="20.670" errors="0" timestamp="2024-07-10T12:32:14 IST" skipped="0">
  <testcase classname="test.TC001_ValidLoginTest" name="validLoginTest" time="20.670"/>
</testsuite> <!-- test.TC001_ValidLoginTest -->
