<?xml version="1.0" encoding="UTF-8"?>
<!-- Generated by org.testng.reporters.JUnitReportReporter -->
<testsuite hostname="DESKTOP-JCSH58D" failures="0" tests="2" name="test.AttributesSample" time="0.065" errors="0" timestamp="2024-07-10T12:52:46 IST" skipped="1">
  <testcase classname="test.AttributesSample" name="runMoreThanOnce" time="0.065"/>
  <testcase classname="test.AttributesSample" name="search">
    <skipped/>
  </testcase> <!-- search -->
</testsuite> <!-- test.AttributesSample -->
