<?xml version="1.0" encoding="UTF-8"?>
<!-- Generated by org.testng.reporters.JUnitReportReporter -->
<testsuite hostname="DESKTOP-JCSH58D" failures="0" tests="2" name="test.TC001_ValidLoginTest" time="22.661" errors="0" timestamp="2024-07-15T12:03:10 IST" skipped="0">
  <testcase classname="test.TC001_ValidLoginTest" name="validLoginTest" time="11.524"/>
  <testcase classname="test.TC001_ValidLoginTest" name="validLoginTest" time="11.137"/>
</testsuite> <!-- test.TC001_ValidLoginTest -->
