<?xml version="1.0" encoding="UTF-8"?>
<!-- Generated by org.testng.reporters.JUnitReportReporter -->
<testsuite hostname="DESKTOP-JCSH58D" failures="0" tests="2" name="test.TC001_LoginTest" time="22.351" errors="0" timestamp="2024-08-09T13:14:35 IST" skipped="0">
  <testcase classname="test.TC001_LoginTest" name="validLoginTest" time="12.414"/>
  <testcase classname="test.TC001_LoginTest" name="validLoginTest" time="9.937"/>
</testsuite> <!-- test.TC001_LoginTest -->
