<?xml version="1.0" encoding="UTF-8"?>
<!-- Generated by org.testng.reporters.JUnitReportReporter -->
<testsuite hostname="DESKTOP-JCSH58D" failures="0" tests="1" name="test.TC002_InvalidLoginTest" time="24.838" errors="0" timestamp="2024-07-10T11:45:43 IST" skipped="0">
  <testcase classname="test.TC002_InvalidLoginTest" name="invalidLoginTest" time="24.838"/>
</testsuite> <!-- test.TC002_InvalidLoginTest -->
