<?xml version="1.0" encoding="UTF-8"?>
<!-- Generated by org.testng.reporters.JUnitReportReporter -->
<testsuite hostname="DESKTOP-JCSH58D" failures="0" tests="1" name="test.AnnotationSample" time="0.014" errors="0" timestamp="2024-07-10T12:18:52 IST" skipped="0">
  <testcase classname="test.AnnotationSample" name="test" time="0.014"/>
</testsuite> <!-- test.AnnotationSample -->
