<?xml version="1.0" encoding="UTF-8"?>
<!-- Generated by org.testng.reporters.JUnitReportReporter -->
<testsuite hostname="DESKTOP-JCSH58D" failures="0" tests="2" name="test.TC001_LoginTest" time="21.937" errors="0" timestamp="2024-07-18T10:48:00 IST" skipped="0">
  <testcase classname="test.TC001_LoginTest" name="validLoginTest" time="11.190"/>
  <testcase classname="test.TC001_LoginTest" name="validLoginTest" time="10.747"/>
</testsuite> <!-- test.TC001_LoginTest -->
